Command line:
   TBADD_isim_beh.exe
     -simmode  gui
     -simrunnum  0
     -socket  49781

Wed Apr 27 18:49:49 2016


 Elaboration Time: 0.03125 sec

 Current Memory Usage: 840.163 Meg

 Total Signals          : 6
 Total Nets             : 96
 Total Signal Drivers   : 3
 Total Blocks           : 5
 Total Primitive Blocks : 4
 Total Processes        : 2
 Total Traceable Variables  : 10
 Total Scalar Nets and Variables : 474
Total Line Count : 6

 Total Simulation Time: 0.03125 sec

 Current Memory Usage: 840.163 Meg

Wed Apr 27 18:49:54 2016

