Command line:
   TBALU_isim_beh.exe
     -simmode  gui
     -simrunnum  0
     -socket  51211

Wed Apr 27 19:09:46 2016


 Elaboration Time: 0.03125 sec

 Current Memory Usage: 840.167 Meg

 Total Signals          : 8
 Total Nets             : 102
 Total Signal Drivers   : 4
 Total Blocks           : 5
 Total Primitive Blocks : 4
 Total Processes        : 2
 Total Traceable Variables  : 10
 Total Scalar Nets and Variables : 480
Total Line Count : 14

 Total Simulation Time: 0.03125 sec

 Current Memory Usage: 840.167 Meg

Wed Apr 27 19:10:06 2016

